[debug] [2022-03-22T15:10:06.557Z] ----------------------------------------------------------------------
[debug] [2022-03-22T15:10:06.561Z] Command:       C:\Program Files\nodejs\node.exe C:\Users\maitry\AppData\Roaming\npm\node_modules\firebase-tools\lib\bin\firebase.js init
[debug] [2022-03-22T15:10:06.562Z] CLI Version:   10.2.2
[debug] [2022-03-22T15:10:06.562Z] Platform:      win32
[debug] [2022-03-22T15:10:06.562Z] Node Version:  v16.13.1
[debug] [2022-03-22T15:10:06.563Z] Time:          Tue Mar 22 2022 20:40:06 GMT+0530 (India Standard Time)
[debug] [2022-03-22T15:10:06.564Z] ----------------------------------------------------------------------
[debug] 
[debug] [2022-03-22T15:10:06.743Z] > command requires scopes: ["email","openid","https://www.googleapis.com/auth/cloudplatformprojects.readonly","https://www.googleapis.com/auth/firebase","https://www.googleapis.com/auth/cloud-platform"]
[debug] [2022-03-22T15:10:06.744Z] > authorizing via signed-in user (rajratnamaitry@gmail.com)
[info] 
     ######## #### ########  ######## ########     ###     ######  ########
     ##        ##  ##     ## ##       ##     ##  ##   ##  ##       ##
     ######    ##  ########  ######   ########  #########  ######  ######
     ##        ##  ##    ##  ##       ##     ## ##     ##       ## ##
     ##       #### ##     ## ######## ########  ##     ##  ######  ########

You're about to initialize a Firebase project in this directory:

  C:\projects\JSAlgoDS

Before we get started, keep in mind:

  * You are currently outside your home directory
  * You are initializing within an existing Firebase project directory

